app/build/outputs/logs/manifest-merger-debug-report.txt
-- Merging decision tree log ---
manifest
ADDED from src\main\AndroidManifest.xml:2:1-97:12
	package
		ADDED from src\main\AndroidManifest.xml:3:11-31
		INJECTED from src\main\AndroidManifest.xml
		INJECTED from src\main\AndroidManifest.xml
	android:versionName
		INJECTED from src\main\AndroidManifest.xml
		INJECTED from src\main\AndroidManifest.xml
	xmlns:android
		ADDED from src\main\AndroidManifest.xml:2:11-69
	android:versionCode
		INJECTED from src\main\AndroidManifest.xml
		INJECTED from src\main\AndroidManifest.xml
uses-permission#android.permission.INTERNET
ADDED from src\main\AndroidManifest.xml:5:5-66
	android:name
		ADDED from src\main\AndroidManifest.xml:5:22-64
uses-permission#android.permission.GET_ACCOUNTS
ADDED from src\main\AndroidManifest.xml:6:5-71
	android:name
		ADDED from src\main\AndroidManifest.xml:6:22-68
uses-permission#android.permission.READ_PROFILE
ADDED from src\main\AndroidManifest.xml:7:5-71
	android:name
		ADDED from src\main\AndroidManifest.xml:7:22-68
uses-permission#android.permission.READ_CONTACTS
ADDED from src\main\AndroidManifest.xml:8:5-72
	android:name
		ADDED from src\main\AndroidManifest.xml:8:22-69
uses-feature#android.hardware.camera
ADDED from src\main\AndroidManifest.xml:11:5-60
	android:name
		ADDED from src\main\AndroidManifest.xml:11:19-57
uses-feature#android.hardware.camera.autofocus
ADDED from src\main\AndroidManifest.xml:12:5-14:36
	android:required
		ADDED from src\main\AndroidManifest.xml:14:9-33
	android:name
		ADDED from src\main\AndroidManifest.xml:13:9-57
uses-permission#android.permission.CAMERA
ADDED from src\main\AndroidManifest.xml:16:5-65
	android:name
		ADDED from src\main\AndroidManifest.xml:16:22-62
uses-permission#android.permission.WRITE_EXTERNAL_STORAGE
ADDED from src\main\AndroidManifest.xml:17:5-81
	android:name
		ADDED from src\main\AndroidManifest.xml:17:22-78
application
ADDED from src\main\AndroidManifest.xml:18:5-95:19
MERGED from [com.android.support:appcompat-v7:23.2.1] AndroidManifest.xml:25:5-20
MERGED from [com.android.support:support-v4:23.2.1] AndroidManifest.xml:22:5-20
MERGED from [com.android.support:animated-vector-drawable:23.2.1] AndroidManifest.xml:7:5-20
MERGED from [com.android.support:support-vector-drawable:23.2.1] AndroidManifest.xml:7:5-20
MERGED from [com.android.support:support-v4:23.2.1] AndroidManifest.xml:22:5-20
MERGED from [com.android.support:support-vector-drawable:23.2.1] AndroidManifest.xml:7:5-20
MERGED from [com.android.support:support-v4:23.2.1] AndroidManifest.xml:22:5-20
MERGED from [com.android.support:design:23.1.1] AndroidManifest.xml:22:5-20
MERGED from [com.android.support:appcompat-v7:23.2.1] AndroidManifest.xml:25:5-20
MERGED from [com.android.support:support-v4:23.2.1] AndroidManifest.xml:22:5-20
MERGED from [com.android.support:animated-vector-drawable:23.2.1] AndroidManifest.xml:7:5-20
MERGED from [com.android.support:support-vector-drawable:23.2.1] AndroidManifest.xml:7:5-20
MERGED from [com.android.support:support-v4:23.2.1] AndroidManifest.xml:22:5-20
MERGED from [com.android.support:support-vector-drawable:23.2.1] AndroidManifest.xml:7:5-20
MERGED from [com.android.support:support-v4:23.2.1] AndroidManifest.xml:22:5-20
MERGED from [com.android.support:support-v4:23.2.1] AndroidManifest.xml:22:5-20
MERGED from [com.android.support:support-v4:23.2.1] AndroidManifest.xml:22:5-20
MERGED from [com.android.support:support-v4:23.2.1] AndroidManifest.xml:22:5-20
	android:label
		ADDED from src\main\AndroidManifest.xml:21:9-41
	android:supportsRtl
		ADDED from src\main\AndroidManifest.xml:22:9-35
	android:allowBackup
		ADDED from src\main\AndroidManifest.xml:19:9-35
	android:icon
		ADDED from src\main\AndroidManifest.xml:20:9-43
	android:theme
		ADDED from src\main\AndroidManifest.xml:23:9-40
activity#edu.nsu.ir.MainActivity
ADDED from src\main\AndroidManifest.xml:24:9-25:20
	android:name
		ADDED from src\main\AndroidManifest.xml:24:19-47
activity#edu.nsu.ir.activities.profile.LSLoginActivity
ADDED from src\main\AndroidManifest.xml:26:9-32:20
	android:name
		ADDED from src\main\AndroidManifest.xml:26:19-69
intent-filter#android.intent.action.MAIN+android.intent.category.LAUNCHER
ADDED from src\main\AndroidManifest.xml:28:13-31:29
action#android.intent.action.MAIN
ADDED from src\main\AndroidManifest.xml:29:17-68
	android:name
		ADDED from src\main\AndroidManifest.xml:29:25-66
category#android.intent.category.LAUNCHER
ADDED from src\main\AndroidManifest.xml:30:17-76
	android:name
		ADDED from src\main\AndroidManifest.xml:30:27-74
activity#edu.nsu.ir.activities.profile.LSSignupActivity
ADDED from src\main\AndroidManifest.xml:33:9-36:20
	android:parentActivityName
		ADDED from src\main\AndroidManifest.xml:35:13-77
	android:name
		ADDED from src\main\AndroidManifest.xml:34:13-64
activity#edu.nsu.ir.activities.cases.CCaseHomeActivity
ADDED from src\main\AndroidManifest.xml:37:9-40:20
	android:parentActivityName
		ADDED from src\main\AndroidManifest.xml:39:13-77
	android:name
		ADDED from src\main\AndroidManifest.xml:38:13-63
activity#edu.nsu.ir.activities.cases.CNewCaseActivity
ADDED from src\main\AndroidManifest.xml:41:9-44:20
	android:parentActivityName
		ADDED from src\main\AndroidManifest.xml:43:13-77
	android:name
		ADDED from src\main\AndroidManifest.xml:42:13-62
activity#edu.nsu.ir.activities.cases.CQuestionActivity
ADDED from src\main\AndroidManifest.xml:45:9-48:20
	android:parentActivityName
		ADDED from src\main\AndroidManifest.xml:47:13-76
	android:name
		ADDED from src\main\AndroidManifest.xml:46:13-63
activity#edu.nsu.ir.activities.cases.CCaseAnalysisActivity
ADDED from src\main\AndroidManifest.xml:49:9-52:20
	android:parentActivityName
		ADDED from src\main\AndroidManifest.xml:51:13-81
	android:name
		ADDED from src\main\AndroidManifest.xml:50:13-67
activity#edu.nsu.ir.activities.Home
ADDED from src\main\AndroidManifest.xml:53:9-55:20
	android:name
		ADDED from src\main\AndroidManifest.xml:53:19-50
activity#edu.nsu.ir.activities.profile.PEditProfileActivity
ADDED from src\main\AndroidManifest.xml:56:9-76
	android:name
		ADDED from src\main\AndroidManifest.xml:56:19-74
activity#edu.nsu.ir.activities.profile.PViewInboxActivity
ADDED from src\main\AndroidManifest.xml:57:9-74
	android:name
		ADDED from src\main\AndroidManifest.xml:57:19-72
activity#edu.nsu.ir.activities.SendMsg
ADDED from src\main\AndroidManifest.xml:58:9-55
	android:name
		ADDED from src\main\AndroidManifest.xml:58:19-53
activity#edu.nsu.ir.activities.profile.PViewProfileActivity
ADDED from src\main\AndroidManifest.xml:59:9-76
	android:name
		ADDED from src\main\AndroidManifest.xml:59:19-74
activity#edu.nsu.ir.activities.profile.MessageThread
ADDED from src\main\AndroidManifest.xml:60:9-69
	android:name
		ADDED from src\main\AndroidManifest.xml:60:19-67
activity#edu.nsu.ir.activities.cases.CShareCaseActivity
ADDED from src\main\AndroidManifest.xml:61:9-64:20
	android:parentActivityName
		ADDED from src\main\AndroidManifest.xml:63:13-77
	android:name
		ADDED from src\main\AndroidManifest.xml:62:13-64
activity#edu.nsu.ir.activities.cases.CCaseDetailsActivity
ADDED from src\main\AndroidManifest.xml:65:9-68:20
	android:parentActivityName
		ADDED from src\main\AndroidManifest.xml:67:13-77
	android:name
		ADDED from src\main\AndroidManifest.xml:66:13-66
activity#edu.nsu.ir.activities.Steps.StepStart
ADDED from src\main\AndroidManifest.xml:69:9-72:20
	android:parentActivityName
		ADDED from src\main\AndroidManifest.xml:71:13-81
	android:name
		ADDED from src\main\AndroidManifest.xml:70:13-55
activity#edu.nsu.ir.activities.Steps.StepToolsView
ADDED from src\main\AndroidManifest.xml:73:9-74:20
	android:name
		ADDED from src\main\AndroidManifest.xml:73:19-65
activity#edu.nsu.ir.activities.Steps.StepResourcesView
ADDED from src\main\AndroidManifest.xml:75:9-76:20
	android:name
		ADDED from src\main\AndroidManifest.xml:75:19-69
activity#edu.nsu.ir.activities.Steps.StepWindowsView
ADDED from src\main\AndroidManifest.xml:77:9-79:20
	android:name
		ADDED from src\main\AndroidManifest.xml:77:19-67
activity#edu.nsu.ir.activities.Steps.StepUMView
ADDED from src\main\AndroidManifest.xml:80:9-81:20
	android:name
		ADDED from src\main\AndroidManifest.xml:80:19-62
activity#edu.nsu.ir.activities.Steps.StepsHome
ADDED from src\main\AndroidManifest.xml:82:9-83:20
	android:name
		ADDED from src\main\AndroidManifest.xml:82:19-61
activity#edu.nsu.ir.activities.LearningHome
ADDED from src\main\AndroidManifest.xml:84:9-87:20
	android:name
		ADDED from src\main\AndroidManifest.xml:84:19-58
activity#edu.nsu.ir.activities.forum.PostActivity
ADDED from src\main\AndroidManifest.xml:88:9-90:20
	android:name
		ADDED from src\main\AndroidManifest.xml:88:19-64
activity#edu.nsu.ir.activities.forum.DetailedPostActivity
ADDED from src\main\AndroidManifest.xml:91:9-74
	android:name
		ADDED from src\main\AndroidManifest.xml:91:19-72
activity#edu.nsu.ir.activities.forum.ListPostActivity
ADDED from src\main\AndroidManifest.xml:92:9-94:20
	android:name
		ADDED from src\main\AndroidManifest.xml:92:19-68
uses-sdk
INJECTED from src\main\AndroidManifest.xml reason: use-sdk injection requested
MERGED from [com.android.support:appcompat-v7:23.2.1] AndroidManifest.xml:21:5-23:78
MERGED from [com.android.support:support-v4:23.2.1] AndroidManifest.xml:20:5-43
MERGED from [com.android.support:animated-vector-drawable:23.2.1] AndroidManifest.xml:5:5-44
MERGED from [com.android.support:support-vector-drawable:23.2.1] AndroidManifest.xml:5:5-43
MERGED from [com.android.support:support-v4:23.2.1] AndroidManifest.xml:20:5-43
MERGED from [com.android.support:support-vector-drawable:23.2.1] AndroidManifest.xml:5:5-43
MERGED from [com.android.support:support-v4:23.2.1] AndroidManifest.xml:20:5-43
MERGED from [com.android.support:design:23.1.1] AndroidManifest.xml:20:5-43
MERGED from [com.android.support:appcompat-v7:23.2.1] AndroidManifest.xml:21:5-23:78
MERGED from [com.android.support:support-v4:23.2.1] AndroidManifest.xml:20:5-43
MERGED from [com.android.support:animated-vector-drawable:23.2.1] AndroidManifest.xml:5:5-44
MERGED from [com.android.support:support-vector-drawable:23.2.1] AndroidManifest.xml:5:5-43
MERGED from [com.android.support:support-v4:23.2.1] AndroidManifest.xml:20:5-43
MERGED from [com.android.support:support-vector-drawable:23.2.1] AndroidManifest.xml:5:5-43
MERGED from [com.android.support:support-v4:23.2.1] AndroidManifest.xml:20:5-43
MERGED from [com.android.support:recyclerview-v7:23.1.1] AndroidManifest.xml:20:5-43
MERGED from [com.android.support:support-v4:23.2.1] AndroidManifest.xml:20:5-43
MERGED from [com.android.support:support-v4:23.2.1] AndroidManifest.xml:20:5-43
MERGED from [com.android.support:support-v4:23.2.1] AndroidManifest.xml:20:5-43
	tools:overrideLibrary
		ADDED from [com.android.support:appcompat-v7:23.2.1] AndroidManifest.xml:23:9-75
	android:targetSdkVersion
		INJECTED from src\main\AndroidManifest.xml
		INJECTED from src\main\AndroidManifest.xml
	android:minSdkVersion
		INJECTED from src\main\AndroidManifest.xml
		INJECTED from src\main\AndroidManifest.xml